[33m❯[39m Building...
[32m✔[39m Building...
[1mInitial chunk files[22m  [2m | [22m[1mNames[22m                               [2m | [22m [1mRaw size[22m[2m | [22m[1mEstimated transfer size[22m
[32mmain-ASEYNJFJ.js[39m     [2m | [22m[2mmain[22m                                [2m | [22m  [36m1.99 MB[39m[2m | [22m              [36m480.47 kB[39m
[32mchunk-AUQQYYCF.js[39m    [2m | [22m[2m-[22m                                   [2m | [22m[36m280.11 kB[39m[2m | [22m               [36m75.27 kB[39m
[32mscripts-LKTSKSM7.js[39m  [2m | [22m[2mscripts[22m                             [2m | [22m [36m56.18 kB[39m[2m | [22m               [36m15.82 kB[39m
[32mchunk-XRUYWQMD.js[39m    [2m | [22m[2m-[22m                                   [2m | [22m [36m46.81 kB[39m[2m | [22m                [36m9.11 kB[39m
[32mpolyfills-FFHMD2TL.js[39m[2m | [22m[2mpolyfills[22m                           [2m | [22m [36m34.52 kB[39m[2m | [22m               [36m11.28 kB[39m
[32mstyles-4M4IAIVZ.css[39m  [2m | [22m[2mstyles[22m                              [2m | [22m [36m33.81 kB[39m[2m | [22m                [36m5.84 kB[39m
[32mchunk-GAL4ENT6.js[39m    [2m | [22m[2m-[22m                                   [2m | [22m  [36m1.34 kB[39m[2m | [22m              [36m576 bytes[39m
[32mchunk-DQZRTQC4.js[39m    [2m | [22m[2m-[22m                                   [2m | [22m [36m89 bytes[39m[2m | [22m               [36m89 bytes[39m

[1m [22m                    [2m | [22m[1mInitial total[22m                       [2m | [22m  [1m2.44 MB[22m[2m | [22m              [1m598.45 kB[22m

[1mLazy chunk files[22m     [2m | [22m[1mNames[22m                               [2m | [22m [1mRaw size[22m[2m | [22m[1mEstimated transfer size[22m
[32mchunk-GSLLIVPM.js[39m    [2m | [22m[2maccommodation-list-page-component[22m   [2m | [22m [36m10.66 kB[39m[2m | [22m                [36m3.48 kB[39m
[32mchunk-E6FPOFRW.js[39m    [2m | [22m[2mtransport-results-page-component[22m    [2m | [22m  [36m9.06 kB[39m[2m | [22m                [36m2.80 kB[39m
[32mchunk-DZSK5YXT.js[39m    [2m | [22m[2maccommodation-booking-page-component[22m[2m | [22m  [36m6.05 kB[39m[2m | [22m                [36m2.05 kB[39m
[32mchunk-KLV553LZ.js[39m    [2m | [22m[2mtransport-booking-page-component[22m    [2m | [22m  [36m5.48 kB[39m[2m | [22m                [36m1.95 kB[39m
[32mchunk-Z4TIP2MU.js[39m    [2m | [22m[2mtransport-form-page-component[22m       [2m | [22m  [36m5.07 kB[39m[2m | [22m                [36m1.92 kB[39m
[32mchunk-X6TGR3DX.js[39m    [2m | [22m[2maccommodation-details-page-component[22m[2m | [22m  [36m5.02 kB[39m[2m | [22m                [36m1.84 kB[39m
[32mchunk-ZHJFCVK6.js[39m    [2m | [22m[2mtransport-search-page-component[22m     [2m | [22m  [36m3.97 kB[39m[2m | [22m                [36m1.35 kB[39m
[32mchunk-QS6XWKMP.js[39m    [2m | [22m[2mbooking-confirmation-component[22m      [2m | [22m  [36m2.78 kB[39m[2m | [22m                [36m1.14 kB[39m
[32mchunk-U47DD5SO.js[39m    [2m | [22m[2m-[22m                                   [2m | [22m  [36m1.19 kB[39m[2m | [22m              [36m529 bytes[39m
[32mchunk-LOVDBVDT.js[39m    [2m | [22m[2mtransport-routes[22m                    [2m | [22m[36m478 bytes[39m[2m | [22m              [36m478 bytes[39m
[32mchunk-RWXZSLOQ.js[39m    [2m | [22m[2mhebergement-routes[22m                  [2m | [22m[36m386 bytes[39m[2m | [22m              [36m386 bytes[39m

Application bundle generation complete. [6.136 seconds]

[1m[33m[33m▲ [43;33m[[43;30mWARNING[43;33m][0m [1mModule 'sweetalert2' used by 'src/app/admin-users.component.ts' is not ESM[0m

  CommonJS or AMD dependencies can cause optimization bailouts.
  For more information see: [4mhttps://angular.dev/tools/cli/build#configuring-commonjs-dependencies[0m


[33m▲ [43;33m[[43;30mWARNING[43;33m][0m [1mModule 'leaflet' used by 'src/app/admin/restaurants/admin-restaurants.component.ts' is not ESM[0m

  CommonJS or AMD dependencies can cause optimization bailouts.
  For more information see: [4mhttps://angular.dev/tools/cli/build#configuring-commonjs-dependencies[0m

[39m[22m
Output location: C:\Users\Salim\Cloudaura_Front\frontend\dist\yallatn

