{"sessionId":"582d05","hypothesisId":"A","location":"LangCaptureFilter","message":"after_setFromRaw","data":{"uri":"/api/auth/me","paramLang":"ar","acceptFirst":"fr","resolvedLang":"ar"},"timestamp":1776114521822}
{"sessionId":"582d05","hypothesisId":"A","location":"LangCaptureFilter","message":"after_setFromRaw","data":{"uri":"/api/shop/cart","paramLang":"ar","acceptFirst":"fr","resolvedLang":"ar"},"timestamp":1776114521822}
{"sessionId":"582d05","hypothesisId":"A","location":"LangCaptureFilter","message":"after_setFromRaw","data":{"uri":"/api/gamification/me","paramLang":"ar","acceptFirst":"fr","resolvedLang":"ar"},"timestamp":1776114521826}
{"sessionId":"582d05","hypothesisId":"A","location":"LangCaptureFilter","message":"after_setFromRaw","data":{"uri":"/api/gamification/challenges/today","paramLang":"ar","acceptFirst":"fr","resolvedLang":"ar"},"timestamp":1776114521830}
{"sessionId":"582d05","hypothesisId":"A","location":"LangCaptureFilter","message":"after_setFromRaw","data":{"uri":"/api/currency/rates","paramLang":"ar","acceptFirst":"fr","resolvedLang":"ar"},"timestamp":1776114521850}
{"sessionId":"582d05","hypothesisId":"A","location":"LangCaptureFilter","message":"after_setFromRaw","data":{"uri":"/api/public/restaurants","paramLang":"ar","acceptFirst":"fr","resolvedLang":"ar"},"timestamp":1776114521966}
{"sessionId":"582d05","hypothesisId":"A","location":"LangCaptureFilter","message":"after_setFromRaw","data":{"uri":"/api/cities","paramLang":"ar","acceptFirst":"fr","resolvedLang":"ar"},"timestamp":1776114521966}
{"sessionId":"582d05","hypothesisId":"A","location":"LangCaptureFilter","message":"after_setFromRaw","data":{"uri":"/api/public/restaurants","paramLang":"ar","acceptFirst":"fr","resolvedLang":"ar"},"timestamp":1776114521972}
{"sessionId":"582d05","hypothesisId":"D","location":"RestaurantService.toResponse","message":"resolved_restaurant","data":{"rid":10,"apiLang":"ar","rawName":"dar al dhiyefa","resName":"dar al dhiyefa","rawDescPrefix":"resautant tunisien  avec des plats très ","resDescPrefix":"resautant tunisien  avec des plats très "},"timestamp":1776114522046}
{"sessionId":"582d05","hypothesisId":"D","location":"RestaurantService.toResponse","message":"resolved_restaurant","data":{"rid":10,"apiLang":"ar","rawName":"dar al dhiyefa","resName":"dar al dhiyefa","rawDescPrefix":"resautant tunisien  avec des plats très ","resDescPrefix":"resautant tunisien  avec des plats très "},"timestamp":1776114522049}
{"sessionId":"582d05","hypothesisId":"A","location":"LangCaptureFilter","message":"after_setFromRaw","data":{"uri":"/api/public/restaurants/10/reviews/summary","paramLang":"ar","acceptFirst":"fr","resolvedLang":"ar"},"timestamp":1776114522082}
{"sessionId":"582d05","hypothesisId":"A","location":"LangCaptureFilter","message":"after_setFromRaw","data":{"uri":"/api/public/restaurants/10","paramLang":"ar","acceptFirst":"fr","resolvedLang":"ar"},"timestamp":1776114531518}
{"sessionId":"582d05","hypothesisId":"D","location":"RestaurantService.toResponse","message":"resolved_restaurant","data":{"rid":10,"apiLang":"ar","rawName":"dar al dhiyefa","resName":"dar al dhiyefa","rawDescPrefix":"resautant tunisien  avec des plats très ","resDescPrefix":"resautant tunisien  avec des plats très "},"timestamp":1776114531540}
{"sessionId":"582d05","hypothesisId":"A","location":"LangCaptureFilter","message":"after_setFromRaw","data":{"uri":"/api/public/restaurants/10/reviews/summary","paramLang":"ar","acceptFirst":"fr","resolvedLang":"ar"},"timestamp":1776114531558}
{"sessionId":"582d05","hypothesisId":"A","location":"LangCaptureFilter","message":"after_setFromRaw","data":{"uri":"/api/public/restaurants/10/reviews","paramLang":"ar","acceptFirst":"fr","resolvedLang":"ar"},"timestamp":1776114531558}
{"sessionId":"582d05","hypothesisId":"A","location":"LangCaptureFilter","message":"after_setFromRaw","data":{"uri":"/api/public/restaurants/10/reviews","paramLang":"ar","acceptFirst":"fr","resolvedLang":"ar"},"timestamp":1776114553320}
{"sessionId":"582d05","hypothesisId":"A","location":"LangCaptureFilter","message":"after_setFromRaw","data":{"uri":"/api/public/restaurants/10/reviews/summary","paramLang":"ar","acceptFirst":"fr","resolvedLang":"ar"},"timestamp":1776114553411}
{"sessionId":"582d05","hypothesisId":"A","location":"LangCaptureFilter","message":"after_setFromRaw","data":{"uri":"/api/public/restaurants/10/reviews","paramLang":"ar","acceptFirst":"fr","resolvedLang":"ar"},"timestamp":1776114553412}
{"sessionId":"582d05","hypothesisId":"A","location":"LangCaptureFilter","message":"after_setFromRaw","data":{"uri":"/api/auth/me","paramLang":"ar","acceptFirst":"fr","resolvedLang":"ar"},"timestamp":1776114557723}
{"sessionId":"582d05","hypothesisId":"A","location":"LangCaptureFilter","message":"after_setFromRaw","data":{"uri":"/api/shop/cart","paramLang":"ar","acceptFirst":"fr","resolvedLang":"ar"},"timestamp":1776114557725}
{"sessionId":"582d05","hypothesisId":"A","location":"LangCaptureFilter","message":"after_setFromRaw","data":{"uri":"/api/gamification/challenges/today","paramLang":"ar","acceptFirst":"fr","resolvedLang":"ar"},"timestamp":1776114557727}
{"sessionId":"582d05","hypothesisId":"A","location":"LangCaptureFilter","message":"after_setFromRaw","data":{"uri":"/api/gamification/me","paramLang":"ar","acceptFirst":"fr","resolvedLang":"ar"},"timestamp":1776114557727}
{"sessionId":"582d05","hypothesisId":"A","location":"LangCaptureFilter","message":"after_setFromRaw","data":{"uri":"/api/currency/rates","paramLang":"ar","acceptFirst":"fr","resolvedLang":"ar"},"timestamp":1776114557732}
{"sessionId":"582d05","hypothesisId":"A","location":"LangCaptureFilter","message":"after_setFromRaw","data":{"uri":"/api/public/restaurants/10","paramLang":"ar","acceptFirst":"fr","resolvedLang":"ar"},"timestamp":1776114557768}
{"sessionId":"582d05","hypothesisId":"D","location":"RestaurantService.toResponse","message":"resolved_restaurant","data":{"rid":10,"apiLang":"ar","rawName":"dar al dhiyefa","resName":"dar al dhiyefa","rawDescPrefix":"resautant tunisien  avec des plats très ","resDescPrefix":"resautant tunisien  avec des plats très "},"timestamp":1776114557794}
{"sessionId":"582d05","hypothesisId":"A","location":"LangCaptureFilter","message":"after_setFromRaw","data":{"uri":"/api/public/restaurants/10/reviews/summary","paramLang":"ar","acceptFirst":"fr","resolvedLang":"ar"},"timestamp":1776114557807}
{"sessionId":"582d05","hypothesisId":"A","location":"LangCaptureFilter","message":"after_setFromRaw","data":{"uri":"/api/public/restaurants/10/reviews","paramLang":"ar","acceptFirst":"fr","resolvedLang":"ar"},"timestamp":1776114557807}
{"sessionId":"582d05","hypothesisId":"A","location":"LangCaptureFilter","message":"after_setFromRaw","data":{"uri":"/api/auth/social/providers","paramLang":"ar","acceptFirst":"fr","resolvedLang":"ar"},"timestamp":1776114622580}
{"sessionId":"582d05","hypothesisId":"A","location":"LangCaptureFilter","message":"after_setFromRaw","data":{"uri":"/api/auth/signin","paramLang":"ar","acceptFirst":"fr","resolvedLang":"ar"},"timestamp":1776114625941}
{"sessionId":"582d05","hypothesisId":"A","location":"LangCaptureFilter","message":"after_setFromRaw","data":{"uri":"/api/admin/dashboard/stats","paramLang":"ar","acceptFirst":"fr","resolvedLang":"ar"},"timestamp":1776114626273}
{"sessionId":"582d05","hypothesisId":"A","location":"LangCaptureFilter","message":"after_setFromRaw","data":{"uri":"/api/admin/cities","paramLang":"ar","acceptFirst":"fr","resolvedLang":"ar"},"timestamp":1776114631057}
{"sessionId":"582d05","hypothesisId":"A","location":"LangCaptureFilter","message":"after_setFromRaw","data":{"uri":"/api/admin/restaurants","paramLang":"ar","acceptFirst":"fr","resolvedLang":"ar"},"timestamp":1776114631057}
{"sessionId":"582d05","hypothesisId":"D","location":"RestaurantService.toResponse","message":"resolved_restaurant","data":{"rid":10,"apiLang":"ar","rawName":"dar al dhiyefa","resName":"dar al dhiyefa","rawDescPrefix":"resautant tunisien  avec des plats très ","resDescPrefix":"resautant tunisien  avec des plats très "},"timestamp":1776114631078}
{"sessionId":"582d05","hypothesisId":"A","location":"LangCaptureFilter","message":"after_setFromRaw","data":{"uri":"/api/public/restaurants/10/reviews/summary","paramLang":"ar","acceptFirst":"fr","resolvedLang":"ar"},"timestamp":1776114631087}
{"sessionId":"582d05","hypothesisId":"A","location":"LangCaptureFilter","message":"after_setFromRaw","data":{"uri":"/api/admin/restaurants","paramLang":"ar","acceptFirst":"fr","resolvedLang":"ar"},"timestamp":1776114803465}
{"sessionId":"582d05","hypothesisId":"D","location":"RestaurantService.toResponse","message":"resolved_restaurant","data":{"rid":11,"apiLang":"ar","rawName":"le pêcheur","resName":"le pêcheur","rawDescPrefix":"sea food","resDescPrefix":"sea food"},"timestamp":1776114803526}
{"sessionId":"582d05","hypothesisId":"A","location":"LangCaptureFilter","message":"after_setFromRaw","data":{"uri":"/api/admin/restaurants/11/upload-image","paramLang":"ar","acceptFirst":"fr","resolvedLang":"ar"},"timestamp":1776114803589}
{"sessionId":"582d05","hypothesisId":"D","location":"RestaurantService.toResponse","message":"resolved_restaurant","data":{"rid":11,"apiLang":"ar","rawName":"le pêcheur","resName":"le pêcheur","rawDescPrefix":"sea food","resDescPrefix":"sea food"},"timestamp":1776114804984}
{"sessionId":"582d05","hypothesisId":"A","location":"LangCaptureFilter","message":"after_setFromRaw","data":{"uri":"/api/admin/restaurants","paramLang":"ar","acceptFirst":"fr","resolvedLang":"ar"},"timestamp":1776114805007}
{"sessionId":"582d05","hypothesisId":"D","location":"RestaurantService.toResponse","message":"resolved_restaurant","data":{"rid":11,"apiLang":"ar","rawName":"le pêcheur","resName":"le pêcheur","rawDescPrefix":"sea food","resDescPrefix":"sea food"},"timestamp":1776114805039}
{"sessionId":"582d05","hypothesisId":"D","location":"RestaurantService.toResponse","message":"resolved_restaurant","data":{"rid":10,"apiLang":"ar","rawName":"dar al dhiyefa","resName":"dar al dhiyefa","rawDescPrefix":"resautant tunisien  avec des plats très ","resDescPrefix":"resautant tunisien  avec des plats très "},"timestamp":1776114805048}
{"sessionId":"582d05","hypothesisId":"A","location":"LangCaptureFilter","message":"after_setFromRaw","data":{"uri":"/api/public/restaurants/10/reviews/summary","paramLang":"ar","acceptFirst":"fr","resolvedLang":"ar"},"timestamp":1776114805059}
{"sessionId":"582d05","hypothesisId":"A","location":"LangCaptureFilter","message":"after_setFromRaw","data":{"uri":"/api/public/restaurants/11/reviews/summary","paramLang":"ar","acceptFirst":"fr","resolvedLang":"ar"},"timestamp":1776114805059}
{"sessionId":"582d05","hypothesisId":"A","location":"LangCaptureFilter","message":"after_setFromRaw","data":{"uri":"/api/auth/social/providers","paramLang":"ar","acceptFirst":"fr","resolvedLang":"ar"},"timestamp":1776114814162}
{"sessionId":"582d05","hypothesisId":"A","location":"LangCaptureFilter","message":"after_setFromRaw","data":{"uri":"/api/auth/signin","paramLang":"ar","acceptFirst":"fr","resolvedLang":"ar"},"timestamp":1776114819880}
{"sessionId":"582d05","hypothesisId":"A","location":"LangCaptureFilter","message":"after_setFromRaw","data":{"uri":"/api/public/activities","paramLang":"ar","acceptFirst":"fr","resolvedLang":"ar"},"timestamp":1776114820052}
{"sessionId":"582d05","hypothesisId":"A","location":"LangCaptureFilter","message":"after_setFromRaw","data":{"uri":"/api/public/restaurants","paramLang":"ar","acceptFirst":"fr","resolvedLang":"ar"},"timestamp":1776114820052}
{"sessionId":"582d05","hypothesisId":"A","location":"LangCaptureFilter","message":"after_setFromRaw","data":{"uri":"/api/products","paramLang":"ar","acceptFirst":"fr","resolvedLang":"ar"},"timestamp":1776114820057}
{"sessionId":"582d05","hypothesisId":"D","location":"RestaurantService.toResponse","message":"resolved_restaurant","data":{"rid":11,"apiLang":"ar","rawName":"le pêcheur","resName":"le pêcheur","rawDescPrefix":"sea food","resDescPrefix":"sea food"},"timestamp":1776114820189}
{"sessionId":"582d05","hypothesisId":"D","location":"RestaurantService.toResponse","message":"resolved_restaurant","data":{"rid":10,"apiLang":"ar","rawName":"dar al dhiyefa","resName":"dar al dhiyefa","rawDescPrefix":"resautant tunisien  avec des plats très ","resDescPrefix":"resautant tunisien  avec des plats très "},"timestamp":1776114820208}
{"sessionId":"582d05","hypothesisId":"A","location":"LangCaptureFilter","message":"after_setFromRaw","data":{"uri":"/api/public/activities/6/reviews/summary","paramLang":"ar","acceptFirst":"fr","resolvedLang":"ar"},"timestamp":1776114820223}
{"sessionId":"582d05","hypothesisId":"A","location":"LangCaptureFilter","message":"after_setFromRaw","data":{"uri":"/api/cities","paramLang":"ar","acceptFirst":"fr","resolvedLang":"ar"},"timestamp":1776114821895}
{"sessionId":"582d05","hypothesisId":"A","location":"LangCaptureFilter","message":"after_setFromRaw","data":{"uri":"/api/cities","paramLang":"ar","acceptFirst":"fr","resolvedLang":"ar"},"timestamp":1776114824832}
{"sessionId":"582d05","hypothesisId":"A","location":"LangCaptureFilter","message":"after_setFromRaw","data":{"uri":"/api/public/restaurants","paramLang":"ar","acceptFirst":"fr","resolvedLang":"ar"},"timestamp":1776114824834}
{"sessionId":"582d05","hypothesisId":"A","location":"LangCaptureFilter","message":"after_setFromRaw","data":{"uri":"/api/public/restaurants","paramLang":"ar","acceptFirst":"fr","resolvedLang":"ar"},"timestamp":1776114824834}
{"sessionId":"582d05","hypothesisId":"D","location":"RestaurantService.toResponse","message":"resolved_restaurant","data":{"rid":11,"apiLang":"ar","rawName":"le pêcheur","resName":"le pêcheur","rawDescPrefix":"sea food","resDescPrefix":"sea food"},"timestamp":1776114824863}
{"sessionId":"582d05","hypothesisId":"D","location":"RestaurantService.toResponse","message":"resolved_restaurant","data":{"rid":11,"apiLang":"ar","rawName":"le pêcheur","resName":"le pêcheur","rawDescPrefix":"sea food","resDescPrefix":"sea food"},"timestamp":1776114824863}
{"sessionId":"582d05","hypothesisId":"D","location":"RestaurantService.toResponse","message":"resolved_restaurant","data":{"rid":10,"apiLang":"ar","rawName":"dar al dhiyefa","resName":"dar al dhiyefa","rawDescPrefix":"resautant tunisien  avec des plats très ","resDescPrefix":"resautant tunisien  avec des plats très "},"timestamp":1776114824871}
{"sessionId":"582d05","hypothesisId":"D","location":"RestaurantService.toResponse","message":"resolved_restaurant","data":{"rid":10,"apiLang":"ar","rawName":"dar al dhiyefa","resName":"dar al dhiyefa","rawDescPrefix":"resautant tunisien  avec des plats très ","resDescPrefix":"resautant tunisien  avec des plats très "},"timestamp":1776114824873}
{"sessionId":"582d05","hypothesisId":"A","location":"LangCaptureFilter","message":"after_setFromRaw","data":{"uri":"/api/public/restaurants/10/reviews/summary","paramLang":"ar","acceptFirst":"fr","resolvedLang":"ar"},"timestamp":1776114824885}
{"sessionId":"582d05","hypothesisId":"A","location":"LangCaptureFilter","message":"after_setFromRaw","data":{"uri":"/api/public/restaurants/11/reviews/summary","paramLang":"ar","acceptFirst":"fr","resolvedLang":"ar"},"timestamp":1776114824885}
{"sessionId":"582d05","hypothesisId":"A","location":"LangCaptureFilter","message":"after_setFromRaw","data":{"uri":"/api/auth/me","paramLang":"ar","acceptFirst":"fr","resolvedLang":"ar"},"timestamp":1776114943920}
{"sessionId":"582d05","hypothesisId":"A","location":"LangCaptureFilter","message":"after_setFromRaw","data":{"uri":"/api/shop/cart","paramLang":"ar","acceptFirst":"fr","resolvedLang":"ar"},"timestamp":1776114943920}
{"sessionId":"582d05","hypothesisId":"A","location":"LangCaptureFilter","message":"after_setFromRaw","data":{"uri":"/api/gamification/challenges/today","paramLang":"ar","acceptFirst":"fr","resolvedLang":"ar"},"timestamp":1776114943921}
{"sessionId":"582d05","hypothesisId":"A","location":"LangCaptureFilter","message":"after_setFromRaw","data":{"uri":"/api/gamification/me","paramLang":"ar","acceptFirst":"fr","resolvedLang":"ar"},"timestamp":1776114943923}
{"sessionId":"582d05","hypothesisId":"A","location":"LangCaptureFilter","message":"after_setFromRaw","data":{"uri":"/api/currency/rates","paramLang":"ar","acceptFirst":"fr","resolvedLang":"ar"},"timestamp":1776114943955}
{"sessionId":"582d05","hypothesisId":"A","location":"LangCaptureFilter","message":"after_setFromRaw","data":{"uri":"/api/cities","paramLang":"ar","acceptFirst":"fr","resolvedLang":"ar"},"timestamp":1776114944077}
{"sessionId":"582d05","hypothesisId":"A","location":"LangCaptureFilter","message":"after_setFromRaw","data":{"uri":"/api/public/restaurants","paramLang":"ar","acceptFirst":"fr","resolvedLang":"ar"},"timestamp":1776114944079}
{"sessionId":"582d05","hypothesisId":"A","location":"LangCaptureFilter","message":"after_setFromRaw","data":{"uri":"/api/public/restaurants","paramLang":"ar","acceptFirst":"fr","resolvedLang":"ar"},"timestamp":1776114944079}
{"sessionId":"582d05","hypothesisId":"D","location":"RestaurantService.toResponse","message":"resolved_restaurant","data":{"rid":11,"apiLang":"ar","rawName":"le pêcheur","resName":"le pêcheur","rawDescPrefix":"sea food","resDescPrefix":"sea food"},"timestamp":1776114944099}
{"sessionId":"582d05","hypothesisId":"D","location":"RestaurantService.toResponse","message":"resolved_restaurant","data":{"rid":11,"apiLang":"ar","rawName":"le pêcheur","resName":"le pêcheur","rawDescPrefix":"sea food","resDescPrefix":"sea food"},"timestamp":1776114944099}
{"sessionId":"582d05","hypothesisId":"D","location":"RestaurantService.toResponse","message":"resolved_restaurant","data":{"rid":10,"apiLang":"ar","rawName":"dar al dhiyefa","resName":"dar al dhiyefa","rawDescPrefix":"resautant tunisien  avec des plats très ","resDescPrefix":"resautant tunisien  avec des plats très "},"timestamp":1776114944102}
{"sessionId":"582d05","hypothesisId":"D","location":"RestaurantService.toResponse","message":"resolved_restaurant","data":{"rid":10,"apiLang":"ar","rawName":"dar al dhiyefa","resName":"dar al dhiyefa","rawDescPrefix":"resautant tunisien  avec des plats très ","resDescPrefix":"resautant tunisien  avec des plats très "},"timestamp":1776114944102}
{"sessionId":"582d05","hypothesisId":"A","location":"LangCaptureFilter","message":"after_setFromRaw","data":{"uri":"/api/public/restaurants/11/reviews/summary","paramLang":"ar","acceptFirst":"fr","resolvedLang":"ar"},"timestamp":1776114944168}
{"sessionId":"582d05","hypothesisId":"A","location":"LangCaptureFilter","message":"after_setFromRaw","data":{"uri":"/api/public/restaurants/10/reviews/summary","paramLang":"ar","acceptFirst":"fr","resolvedLang":"ar"},"timestamp":1776114944170}
{"sessionId":"582d05","hypothesisId":"A","location":"LangCaptureFilter","message":"after_setFromRaw","data":{"uri":"/api/auth/me","paramLang":"ar","acceptFirst":"fr","resolvedLang":"ar"},"timestamp":1776114944749}
{"sessionId":"582d05","hypothesisId":"A","location":"LangCaptureFilter","message":"after_setFromRaw","data":{"uri":"/api/shop/cart","paramLang":"ar","acceptFirst":"fr","resolvedLang":"ar"},"timestamp":1776114944750}
{"sessionId":"582d05","hypothesisId":"A","location":"LangCaptureFilter","message":"after_setFromRaw","data":{"uri":"/api/gamification/challenges/today","paramLang":"ar","acceptFirst":"fr","resolvedLang":"ar"},"timestamp":1776114944767}
{"sessionId":"582d05","hypothesisId":"A","location":"LangCaptureFilter","message":"after_setFromRaw","data":{"uri":"/api/gamification/me","paramLang":"ar","acceptFirst":"fr","resolvedLang":"ar"},"timestamp":1776114944769}
{"sessionId":"582d05","hypothesisId":"A","location":"LangCaptureFilter","message":"after_setFromRaw","data":{"uri":"/api/currency/rates","paramLang":"ar","acceptFirst":"fr","resolvedLang":"ar"},"timestamp":1776114944802}
{"sessionId":"582d05","hypothesisId":"A","location":"LangCaptureFilter","message":"after_setFromRaw","data":{"uri":"/api/cities","paramLang":"ar","acceptFirst":"fr","resolvedLang":"ar"},"timestamp":1776114944913}
{"sessionId":"582d05","hypothesisId":"A","location":"LangCaptureFilter","message":"after_setFromRaw","data":{"uri":"/api/public/restaurants","paramLang":"ar","acceptFirst":"fr","resolvedLang":"ar"},"timestamp":1776114944918}
{"sessionId":"582d05","hypothesisId":"A","location":"LangCaptureFilter","message":"after_setFromRaw","data":{"uri":"/api/public/restaurants","paramLang":"ar","acceptFirst":"fr","resolvedLang":"ar"},"timestamp":1776114944919}
{"sessionId":"582d05","hypothesisId":"D","location":"RestaurantService.toResponse","message":"resolved_restaurant","data":{"rid":11,"apiLang":"ar","rawName":"le pêcheur","resName":"le pêcheur","rawDescPrefix":"sea food","resDescPrefix":"sea food"},"timestamp":1776114944932}
{"sessionId":"582d05","hypothesisId":"D","location":"RestaurantService.toResponse","message":"resolved_restaurant","data":{"rid":11,"apiLang":"ar","rawName":"le pêcheur","resName":"le pêcheur","rawDescPrefix":"sea food","resDescPrefix":"sea food"},"timestamp":1776114944933}
{"sessionId":"582d05","hypothesisId":"D","location":"RestaurantService.toResponse","message":"resolved_restaurant","data":{"rid":10,"apiLang":"ar","rawName":"dar al dhiyefa","resName":"dar al dhiyefa","rawDescPrefix":"resautant tunisien  avec des plats très ","resDescPrefix":"resautant tunisien  avec des plats très "},"timestamp":1776114944937}
{"sessionId":"582d05","hypothesisId":"D","location":"RestaurantService.toResponse","message":"resolved_restaurant","data":{"rid":10,"apiLang":"ar","rawName":"dar al dhiyefa","resName":"dar al dhiyefa","rawDescPrefix":"resautant tunisien  avec des plats très ","resDescPrefix":"resautant tunisien  avec des plats très "},"timestamp":1776114944939}
{"sessionId":"582d05","hypothesisId":"A","location":"LangCaptureFilter","message":"after_setFromRaw","data":{"uri":"/api/public/restaurants/11/reviews/summary","paramLang":"ar","acceptFirst":"fr","resolvedLang":"ar"},"timestamp":1776114944984}
{"sessionId":"582d05","hypothesisId":"A","location":"LangCaptureFilter","message":"after_setFromRaw","data":{"uri":"/api/public/restaurants/10/reviews/summary","paramLang":"ar","acceptFirst":"fr","resolvedLang":"ar"},"timestamp":1776114944999}
{"sessionId":"582d05","hypothesisId":"A","location":"LangCaptureFilter","message":"after_setFromRaw","data":{"uri":"/api/shop/cart","paramLang":"ar","acceptFirst":"fr","resolvedLang":"ar"},"timestamp":1776114947732}
{"sessionId":"582d05","hypothesisId":"A","location":"LangCaptureFilter","message":"after_setFromRaw","data":{"uri":"/api/auth/me","paramLang":"ar","acceptFirst":"fr","resolvedLang":"ar"},"timestamp":1776114947732}
{"sessionId":"582d05","hypothesisId":"A","location":"LangCaptureFilter","message":"after_setFromRaw","data":{"uri":"/api/gamification/challenges/today","paramLang":"ar","acceptFirst":"fr","resolvedLang":"ar"},"timestamp":1776114947734}
{"sessionId":"582d05","hypothesisId":"A","location":"LangCaptureFilter","message":"after_setFromRaw","data":{"uri":"/api/gamification/me","paramLang":"ar","acceptFirst":"fr","resolvedLang":"ar"},"timestamp":1776114947754}
{"sessionId":"582d05","hypothesisId":"A","location":"LangCaptureFilter","message":"after_setFromRaw","data":{"uri":"/api/currency/rates","paramLang":"ar","acceptFirst":"fr","resolvedLang":"ar"},"timestamp":1776114947772}
{"sessionId":"582d05","hypothesisId":"A","location":"LangCaptureFilter","message":"after_setFromRaw","data":{"uri":"/api/cities","paramLang":"ar","acceptFirst":"fr","resolvedLang":"ar"},"timestamp":1776114947827}
{"sessionId":"582d05","hypothesisId":"A","location":"LangCaptureFilter","message":"after_setFromRaw","data":{"uri":"/api/public/restaurants","paramLang":"ar","acceptFirst":"fr","resolvedLang":"ar"},"timestamp":1776114947828}
{"sessionId":"582d05","hypothesisId":"A","location":"LangCaptureFilter","message":"after_setFromRaw","data":{"uri":"/api/public/restaurants","paramLang":"ar","acceptFirst":"fr","resolvedLang":"ar"},"timestamp":1776114947828}
{"sessionId":"582d05","hypothesisId":"D","location":"RestaurantService.toResponse","message":"resolved_restaurant","data":{"rid":11,"apiLang":"ar","rawName":"le pêcheur","resName":"le pêcheur","rawDescPrefix":"sea food","resDescPrefix":"sea food"},"timestamp":1776114947839}
{"sessionId":"582d05","hypothesisId":"D","location":"RestaurantService.toResponse","message":"resolved_restaurant","data":{"rid":11,"apiLang":"ar","rawName":"le pêcheur","resName":"le pêcheur","rawDescPrefix":"sea food","resDescPrefix":"sea food"},"timestamp":1776114947839}
{"sessionId":"582d05","hypothesisId":"D","location":"RestaurantService.toResponse","message":"resolved_restaurant","data":{"rid":10,"apiLang":"ar","rawName":"dar al dhiyefa","resName":"dar al dhiyefa","rawDescPrefix":"resautant tunisien  avec des plats très ","resDescPrefix":"resautant tunisien  avec des plats très "},"timestamp":1776114947843}
{"sessionId":"582d05","hypothesisId":"D","location":"RestaurantService.toResponse","message":"resolved_restaurant","data":{"rid":10,"apiLang":"ar","rawName":"dar al dhiyefa","resName":"dar al dhiyefa","rawDescPrefix":"resautant tunisien  avec des plats très ","resDescPrefix":"resautant tunisien  avec des plats très "},"timestamp":1776114947843}
{"sessionId":"582d05","hypothesisId":"A","location":"LangCaptureFilter","message":"after_setFromRaw","data":{"uri":"/api/public/restaurants","paramLang":"ar","acceptFirst":"fr","resolvedLang":"ar"},"timestamp":1776114947853}
{"sessionId":"582d05","hypothesisId":"A","location":"LangCaptureFilter","message":"after_setFromRaw","data":{"uri":"/api/public/restaurants","paramLang":"ar","acceptFirst":"fr","resolvedLang":"ar"},"timestamp":1776114947854}
{"sessionId":"582d05","hypothesisId":"D","location":"RestaurantService.toResponse","message":"resolved_restaurant","data":{"rid":11,"apiLang":"ar","rawName":"le pêcheur","resName":"le pêcheur","rawDescPrefix":"sea food","resDescPrefix":"sea food"},"timestamp":1776114947866}
{"sessionId":"582d05","hypothesisId":"D","location":"RestaurantService.toResponse","message":"resolved_restaurant","data":{"rid":11,"apiLang":"ar","rawName":"le pêcheur","resName":"le pêcheur","rawDescPrefix":"sea food","resDescPrefix":"sea food"},"timestamp":1776114947866}
{"sessionId":"582d05","hypothesisId":"D","location":"RestaurantService.toResponse","message":"resolved_restaurant","data":{"rid":10,"apiLang":"ar","rawName":"dar al dhiyefa","resName":"dar al dhiyefa","rawDescPrefix":"resautant tunisien  avec des plats très ","resDescPrefix":"resautant tunisien  avec des plats très "},"timestamp":1776114947872}
{"sessionId":"582d05","hypothesisId":"D","location":"RestaurantService.toResponse","message":"resolved_restaurant","data":{"rid":10,"apiLang":"ar","rawName":"dar al dhiyefa","resName":"dar al dhiyefa","rawDescPrefix":"resautant tunisien  avec des plats très ","resDescPrefix":"resautant tunisien  avec des plats très "},"timestamp":1776114947872}
{"sessionId":"582d05","hypothesisId":"A","location":"LangCaptureFilter","message":"after_setFromRaw","data":{"uri":"/api/public/restaurants/10/reviews/summary","paramLang":"ar","acceptFirst":"fr","resolvedLang":"ar"},"timestamp":1776114947886}
{"sessionId":"582d05","hypothesisId":"A","location":"LangCaptureFilter","message":"after_setFromRaw","data":{"uri":"/api/public/restaurants/11/reviews/summary","paramLang":"ar","acceptFirst":"fr","resolvedLang":"ar"},"timestamp":1776114947886}
{"sessionId":"582d05","hypothesisId":"A","location":"LangCaptureFilter","message":"after_setFromRaw","data":{"uri":"/api/public/restaurants/11/reviews/summary","paramLang":"ar","acceptFirst":"fr","resolvedLang":"ar"},"timestamp":1776114947929}
{"sessionId":"582d05","hypothesisId":"A","location":"LangCaptureFilter","message":"after_setFromRaw","data":{"uri":"/api/public/restaurants/10/reviews/summary","paramLang":"ar","acceptFirst":"fr","resolvedLang":"ar"},"timestamp":1776114947935}
